<?xml version="1.0" encoding="UTF-8"?>
<!-- Generated by org.testng.reporters.JUnitXMLReporter -->
<testsuite ignored="0" hostname="LAPTOP-3R60UDHI" failures="0" tests="26" name="Automation Test Suite" time="61.644" errors="0" timestamp="2025-06-29T05:57:15 EEST">
  <testcase classname="alerts.AlertsTests" name="testAcceptAlertByButton1" time="0.324"/>
  <testcase classname="alerts.AlertsTests" name="testAcceptAlertByButton2" time="0.306"/>
  <testcase classname="alerts.AlertsTests" name="testDismissAlertByButton2" time="0.301"/>
  <testcase classname="alerts.AlertsTests" name="testSendYesAlertByButton3" time="0.303"/>
  <testcase classname="checkBoxTest.CheckBoxTests" name="testCheckBoxOne" time="0.387"/>
  <testcase classname="checkBoxTest.CheckBoxTests" name="testCheckBoxTow" time="0.261"/>
  <testcase classname="dragAndDrop.DragAndDropTests" name="testDragAndDropAToB" time="0.516"/>
  <testcase classname="dragAndDrop.DragAndDropTests" name="testDragAndDropBToA" time="0.475"/>
  <testcase classname="dropDown.DropDownTests" name="testSelectOptionOneByIndex" time="0.338"/>
  <testcase classname="dropDown.DropDownTests" name="testSelectOptionOneByValue" time="0.283"/>
  <testcase classname="dropDown.DropDownTests" name="testSelectOptionOneByVisibleText" time="0.284"/>
  <testcase classname="fileUploadTest.FileUploadTests" name="testUploadFile" time="0.825"/>
  <testcase classname="fileUploadTest.FileUploadTests" name="testUploadFileFail" time="0.46"/>
  <testcase classname="forGetPassword.ForgetPasswordTest" name="testForgetPasswordWithData" time="0.757"/>
  <testcase classname="forGetPassword.ForgetPasswordTest" name="testForgetPasswordWithoutData" time="0.464"/>
  <testcase classname="frame.FrameTests" name="testFrame" time="0.154"/>
  <testcase classname="hovers.HoversTests" name="testUserData" time="0.574"/>
  <testcase classname="Login.LoginTests" name="testInvalidPassword" time="1.115"/>
  <testcase classname="Login.LoginTests" name="testInvalidUsername" time="0.872"/>
  <testcase classname="Login.LoginTests" name="testvalidUsernameandPassword" time="0.855"/>
  <testcase classname="statusCodeTest.StatusCodeTests" name="testStatusCode200" time="0.523"/>
  <testcase classname="statusCodeTest.StatusCodeTests" name="testStatusCode301" time="0.473"/>
  <testcase classname="statusCodeTest.StatusCodeTests" name="testStatusCode404" time="0.458"/>
  <testcase classname="statusCodeTest.StatusCodeTests" name="testStatusCode500" time="0.478"/>
  <testcase classname="wait.DynamicLoadingTests" name="testExampleOne" time="5.646"/>
  <testcase classname="wait.DynamicLoadingTests" name="testExampleTwo" time="5.788"/>
</testsuite> <!-- Automation Test Suite -->
